# JRE version: Java(TM) SE Runtime Environment (8.0_101-b13) (build 1.8.0_101-b13)
# Java VM: Java HotSpot(TM) 64-Bit Server VM (25.101-b13 mixed mode windows-amd64 compressed oops)
Heap:
 PSYoungGen      total 3584K, used 919K [0x00000000d5580000, 0x00000000d5980000, 0x0000000100000000)
  eden space 3072K, 13% used [0x00000000d5580000,0x00000000d55e5c08,0x00000000d5880000)
  from space 512K, 100% used [0x00000000d5900000,0x00000000d5980000,0x00000000d5980000)
  to   space 512K, 0% used [0x00000000d5880000,0x00000000d5880000,0x00000000d5900000)
 ParOldGen       total 5632K, used 176K [0x0000000080000000, 0x0000000080580000, 0x00000000d5580000)
  object space 5632K, 3% used [0x0000000080000000,0x000000008002c020,0x0000000080580000)
 Metaspace       used 4065K, capacity 5452K, committed 5760K, reserved 1056768K
  class space    used 481K, capacity 520K, committed 640K, reserved 1048576K
GC Heap History (4 events):
Event: 0.172 GC heap before
{Heap before GC invocations=1 (full 0):
 PSYoungGen      total 2048K, used 1506K [0x00000000d5580000, 0x00000000d5800000, 0x0000000100000000)
  eden space 1536K, 98% used [0x00000000d5580000,0x00000000d56f8998,0x00000000d5700000)
  from space 512K, 0% used [0x00000000d5780000,0x00000000d5780000,0x00000000d5800000)
  to   space 512K, 0% used [0x00000000d5700000,0x00000000d5700000,0x00000000d5780000)
 ParOldGen       total 5632K, used 0K [0x0000000080000000, 0x0000000080580000, 0x00000000d5580000)
  object space 5632K, 0% used [0x0000000080000000,0x0000000080000000,0x0000000080580000)
 Metaspace       used 3335K, capacity 4812K, committed 5120K, reserved 1056768K
  class space    used 387K, capacity 456K, committed 512K, reserved 1048576K
Event: 0.174 GC heap after
Heap after GC invocations=1 (full 0):
 PSYoungGen      total 2048K, used 495K [0x00000000d5580000, 0x00000000d5980000, 0x0000000100000000)
  eden space 1536K, 0% used [0x00000000d5580000,0x00000000d5580000,0x00000000d5700000)
  from space 512K, 96% used [0x00000000d5700000,0x00000000d577bc20,0x00000000d5780000)
  to   space 512K, 0% used [0x00000000d5900000,0x00000000d5900000,0x00000000d5980000)
 ParOldGen       total 5632K, used 24K [0x0000000080000000, 0x0000000080580000, 0x00000000d5580000)
  object space 5632K, 0% used [0x0000000080000000,0x0000000080006000,0x0000000080580000)
 Metaspace       used 3335K, capacity 4812K, committed 5120K, reserved 1056768K
  class space    used 387K, capacity 456K, committed 512K, reserved 1048576K
}
Event: 0.226 GC heap before
{Heap before GC invocations=2 (full 0):
 PSYoungGen      total 2048K, used 1933K [0x00000000d5580000, 0x00000000d5980000, 0x0000000100000000)
  eden space 1536K, 93% used [0x00000000d5580000,0x00000000d56e7b98,0x00000000d5700000)
  from space 512K, 96% used [0x00000000d5700000,0x00000000d577bc20,0x00000000d5780000)
  to   space 512K, 0% used [0x00000000d5900000,0x00000000d5900000,0x00000000d5980000)
 ParOldGen       total 5632K, used 24K [0x0000000080000000, 0x0000000080580000, 0x00000000d5580000)
  object space 5632K, 0% used [0x0000000080000000,0x0000000080006000,0x0000000080580000)
 Metaspace       used 3956K, capacity 5324K, committed 5504K, reserved 1056768K
  class space    used 471K, capacity 520K, committed 640K, reserved 1048576K
Event: 0.229 GC heap after
Heap after GC invocations=2 (full 0):
 PSYoungGen      total 3584K, used 512K [0x00000000d5580000, 0x00000000d5980000, 0x0000000100000000)
  eden space 3072K, 0% used [0x00000000d5580000,0x00000000d5580000,0x00000000d5880000)
  from space 512K, 100% used [0x00000000d5900000,0x00000000d5980000,0x00000000d5980000)
  to   space 512K, 0% used [0x00000000d5880000,0x00000000d5880000,0x00000000d5900000)
 ParOldGen       total 5632K, used 176K [0x0000000080000000, 0x0000000080580000, 0x00000000d5580000)
  object space 5632K, 3% used [0x0000000080000000,0x000000008002c020,0x0000000080580000)
 Metaspace       used 3956K, capacity 5324K, committed 5504K, reserved 1056768K
  class space    used 471K, capacity 520K, committed 640K, reserved 1048576K
}

